{"ts":1694970150776,"action":"PROJECT_OPENED","tags":{"PROJECT_NAME":"antlr"}}
{"ts":1694970152735,"action":"FILE_OPENED","file":"/pom.xml","tags":{"FILE_LINE_OF_CODE":"17"}}
{"ts":1694970206581,"action":"IDE_DEACTIVATED"}
{"ts":1694970211288,"action":"IDE_ACTIVATED"}
{"ts":1694970227927,"action":"IDE_DEACTIVATED"}
{"ts":1694970230876,"action":"IDE_ACTIVATED"}
{"ts":1694970263432,"action":"IDE_DEACTIVATED"}
{"ts":1694970280602,"action":"IDE_ACTIVATED"}
{"ts":1694970281088,"action":"IDE_DEACTIVATED"}
{"ts":1694970285397,"action":"IDE_ACTIVATED"}
{"ts":1694970346752,"action":"IDE_DEACTIVATED"}
{"ts":1694970347442,"action":"IDE_ACTIVATED"}
{"ts":1694970362908,"action":"IDE_DEACTIVATED"}
{"ts":1694970377726,"action":"IDE_ACTIVATED"}
{"ts":1694970422701,"action":"FILE_CLOSED","file":"/pom.xml","tags":{"FILE_LINE_OF_CODE":"25"}}
{"ts":1694970422701,"action":"FILE_OPENED","file":"/src/antlr/MyLanguage.g4","tags":{"FILE_LINE_OF_CODE":"0"}}
{"ts":1694970437045,"action":"IDE_DEACTIVATED"}
{"ts":1694970439402,"action":"IDE_ACTIVATED"}
{"ts":1694970446579,"action":"IDE_DEACTIVATED"}
{"ts":1694970453337,"action":"IDE_ACTIVATED"}
{"ts":1694970453694,"action":"FILE_CLOSED","file":"/src/antlr/MyLanguage.g4","tags":{"FILE_LINE_OF_CODE":"0"}}
{"ts":1694970453694,"action":"FILE_OPENED","file":"/src/main/java/org/example/Main.java","tags":{"FILE_LINE_OF_CODE":"7"}}
{"ts":1694970460063,"action":"IDE_DEACTIVATED"}
{"ts":1694970461317,"action":"IDE_ACTIVATED"}
{"ts":1694970496075,"action":"IDE_DEACTIVATED"}
{"ts":1694970503539,"action":"IDE_ACTIVATED"}
{"ts":1694970517088,"action":"IDE_DEACTIVATED"}
{"ts":1694970528464,"action":"IDE_ACTIVATED"}
{"ts":1694970529014,"action":"IDE_DEACTIVATED"}
{"ts":1694970554041,"action":"IDE_ACTIVATED"}
{"ts":1694970555279,"action":"FILE_CLOSED","file":"/src/main/java/org/example/Main.java","tags":{"FILE_LINE_OF_CODE":"26"}}
{"ts":1694970555279,"action":"FILE_OPENED","file":"/src/antlr/MyLanguage.g4","tags":{"FILE_LINE_OF_CODE":"0"}}
{"ts":1694970616397,"action":"IDE_DEACTIVATED"}
{"ts":1694971237579,"action":"IDE_ACTIVATED"}
{"ts":1694971313887,"action":"IDE_DEACTIVATED"}
{"ts":1694971320251,"action":"IDE_ACTIVATED"}
{"ts":1694971333013,"action":"IDE_DEACTIVATED"}
{"ts":1694971389052,"action":"IDE_ACTIVATED"}
{"ts":1694971498058,"action":"IDE_DEACTIVATED"}
{"ts":1694971499759,"action":"IDE_ACTIVATED"}
{"ts":1694971514283,"action":"IDE_DEACTIVATED"}
{"ts":1694971518789,"action":"IDE_ACTIVATED"}
{"ts":1694971667215,"action":"IDE_DEACTIVATED"}
{"ts":1694971668511,"action":"IDE_ACTIVATED"}
{"ts":1694971691052,"action":"IDE_DEACTIVATED"}
{"ts":1694971766523,"action":"IDE_ACTIVATED"}
{"ts":1694971854555,"action":"IDE_DEACTIVATED"}
{"ts":1694971864054,"action":"IDE_ACTIVATED"}
{"ts":1694971913726,"action":"IDE_DEACTIVATED"}
{"ts":1694972011674,"action":"IDE_ACTIVATED"}
{"ts":1694972209403,"action":"FILE_CLOSED","file":"/src/antlr/MyLanguage.g4","tags":{"FILE_LINE_OF_CODE":"28"}}
{"ts":1694972209403,"action":"FILE_OPENED","file":"/src/main/java/org/example/Main.java","tags":{"FILE_LINE_OF_CODE":"26"}}
{"ts":1694972217867,"action":"IDE_DEACTIVATED"}
{"ts":1694972223687,"action":"IDE_ACTIVATED"}
{"ts":1694972230879,"action":"IDE_DEACTIVATED"}
{"ts":1694972550202,"action":"IDE_ACTIVATED"}
{"ts":1694972569556,"action":"IDE_DEACTIVATED"}
{"ts":1694972577124,"action":"IDE_ACTIVATED"}
{"ts":1694972584925,"action":"IDE_DEACTIVATED"}
{"ts":1694972588896,"action":"IDE_ACTIVATED"}
{"ts":1694972604028,"action":"IDE_DEACTIVATED"}
{"ts":1694972618146,"action":"IDE_ACTIVATED"}
{"ts":1694972620609,"action":"FILE_CLOSED","file":"/src/main/java/org/example/Main.java","tags":{"FILE_LINE_OF_CODE":"26"}}
{"ts":1694972620609,"action":"FILE_OPENED","file":"/src/antlr/MyLanguage.g4","tags":{"FILE_LINE_OF_CODE":"28"}}
{"ts":1694972657807,"action":"IDE_DEACTIVATED"}
{"ts":1694972692427,"action":"IDE_ACTIVATED"}
{"ts":1694972695071,"action":"IDE_DEACTIVATED"}
{"ts":1694972753602,"action":"IDE_ACTIVATED"}
{"ts":1694972755736,"action":"IDE_DEACTIVATED"}
{"ts":1694972758933,"action":"IDE_ACTIVATED"}
{"ts":1694972773546,"action":"FILE_CLOSED","file":"/src/antlr/MyLanguage.g4","tags":{"FILE_LINE_OF_CODE":"28"}}
{"ts":1694972773546,"action":"FILE_OPENED","file":"/src/tests/test0.txt","tags":{"FILE_LINE_OF_CODE":"0"}}
{"ts":1694972824096,"action":"IDE_DEACTIVATED"}
{"ts":1694972845038,"action":"IDE_ACTIVATED"}
{"ts":1694972850073,"action":"IDE_DEACTIVATED"}
{"ts":1694972856997,"action":"IDE_ACTIVATED"}
{"ts":1694972906859,"action":"FILE_CLOSED","file":"/src/tests/test0.txt","tags":{"FILE_LINE_OF_CODE":"5"}}
{"ts":1694972906859,"action":"FILE_OPENED","file":"/src/main/java/org/example/Main.java","tags":{"FILE_LINE_OF_CODE":"26"}}
{"ts":1694972916970,"action":"IDE_DEACTIVATED"}
{"ts":1694972938318,"action":"IDE_ACTIVATED"}
{"ts":1694972946439,"action":"IDE_DEACTIVATED"}
{"ts":1694972952391,"action":"IDE_ACTIVATED"}
{"ts":1694972952668,"action":"FILE_CLOSED","file":"/src/main/java/org/example/Main.java","tags":{"FILE_LINE_OF_CODE":"28"}}
{"ts":1694972952668,"action":"FILE_OPENED","file":"/src/antlr/MyLanguage.g4","tags":{"FILE_LINE_OF_CODE":"28"}}
{"ts":1694972954295,"action":"IDE_DEACTIVATED"}
{"ts":1694972958829,"action":"IDE_ACTIVATED"}
{"ts":1694972968093,"action":"IDE_DEACTIVATED"}
{"ts":1694973116210,"action":"IDE_ACTIVATED"}
{"ts":1694973125080,"action":"IDE_DEACTIVATED"}
{"ts":1694973225644,"action":"IDE_ACTIVATED"}
{"ts":1694973226854,"action":"FILE_CLOSED","file":"/src/antlr/MyLanguage.g4","tags":{"FILE_LINE_OF_CODE":"28"}}
{"ts":1694973226854,"action":"FILE_OPENED","file":"/src/antlr/MyLanguage.interp","tags":{"FILE_LINE_OF_CODE":"32"}}
{"ts":1694973227413,"action":"FILE_CLOSED","file":"/src/antlr/MyLanguage.interp","tags":{"FILE_LINE_OF_CODE":"32"}}
{"ts":1694973227413,"action":"FILE_OPENED","file":"/src/antlr/MyLanguage.g4","tags":{"FILE_LINE_OF_CODE":"28"}}
{"ts":1694973230814,"action":"IDE_DEACTIVATED"}
{"ts":1694973243748,"action":"IDE_ACTIVATED"}
{"ts":1694973243968,"action":"FILE_CLOSED","file":"/src/antlr/MyLanguage.g4","tags":{"FILE_LINE_OF_CODE":"28"}}
{"ts":1694973243968,"action":"FILE_OPENED","file":"/src/tests/test0.txt","tags":{"FILE_LINE_OF_CODE":"5"}}
{"ts":1694973246941,"action":"IDE_DEACTIVATED"}
{"ts":1694973310672,"action":"IDE_ACTIVATED"}
{"ts":1694973334496,"action":"IDE_DEACTIVATED"}
{"ts":1694973402272,"action":"IDE_ACTIVATED"}
{"ts":1694973402293,"action":"FILE_CLOSED","file":"/src/tests/test0.txt","tags":{"FILE_LINE_OF_CODE":"5"}}
{"ts":1694973402293,"action":"FILE_OPENED","file":"/src/main/java/org/example/Main.java","tags":{"FILE_LINE_OF_CODE":"28"}}
{"ts":1694973428778,"action":"IDE_DEACTIVATED"}
{"ts":1694973434739,"action":"IDE_ACTIVATED"}
{"ts":1694973497985,"action":"IDE_DEACTIVATED"}
{"ts":1694973565233,"action":"IDE_ACTIVATED"}
{"ts":1694973569801,"action":"IDE_DEACTIVATED"}
{"ts":1694973575626,"action":"IDE_ACTIVATED"}
{"ts":1694973588022,"action":"IDE_DEACTIVATED"}
{"ts":1694973625873,"action":"IDE_ACTIVATED"}
{"ts":1694973662402,"action":"IDE_DEACTIVATED"}
{"ts":1694973670289,"action":"IDE_ACTIVATED"}
{"ts":1694973674467,"action":"IDE_DEACTIVATED"}
{"ts":1694973676433,"action":"IDE_ACTIVATED"}
{"ts":1694973754801,"action":"FILE_CLOSED","file":"/src/main/java/org/example/Main.java","tags":{"FILE_LINE_OF_CODE":"34"}}
{"ts":1694973754801,"action":"FILE_OPENED","file":"/src/main/java/antlr/MyLanguage.interp","tags":{"FILE_LINE_OF_CODE":"32"}}
{"ts":1694973756195,"action":"FILE_CLOSED","file":"/src/main/java/antlr/MyLanguage.interp","tags":{"FILE_LINE_OF_CODE":"32"}}
{"ts":1694973756195,"action":"FILE_OPENED","file":"/src/main/java/org/example/Main.java","tags":{"FILE_LINE_OF_CODE":"34"}}
{"ts":1694973788685,"action":"FILE_CLOSED","file":"/src/main/java/org/example/Main.java","tags":{"FILE_LINE_OF_CODE":"34"}}
{"ts":1694973788685,"action":"FILE_OPENED","file":"/src/tests/test0.txt","tags":{"FILE_LINE_OF_CODE":"5"}}
{"ts":1694973789852,"action":"FILE_CLOSED","file":"/src/tests/test0.txt","tags":{"FILE_LINE_OF_CODE":"5"}}
{"ts":1694973789852,"action":"FILE_OPENED","file":"/src/main/java/antlr/MyLanguage.g4","tags":{"FILE_LINE_OF_CODE":"28"}}
{"ts":1694973795186,"action":"FILE_CLOSED","file":"/src/main/java/antlr/MyLanguage.g4","tags":{"FILE_LINE_OF_CODE":"28"}}
{"ts":1694973795186,"action":"FILE_OPENED","file":"/src/tests/test0.txt","tags":{"FILE_LINE_OF_CODE":"5"}}
{"ts":1694973796667,"action":"FILE_CLOSED","file":"/src/tests/test0.txt","tags":{"FILE_LINE_OF_CODE":"5"}}
{"ts":1694973796667,"action":"FILE_OPENED","file":"/src/main/java/antlr/MyLanguage.g4","tags":{"FILE_LINE_OF_CODE":"28"}}
{"ts":1694973800992,"action":"IDE_DEACTIVATED"}
{"ts":1694973859560,"action":"IDE_ACTIVATED"}
{"ts":1694973869748,"action":"FILE_CLOSED","file":"/src/main/java/antlr/MyLanguage.g4","tags":{"FILE_LINE_OF_CODE":"28"}}
{"ts":1694973869748,"action":"FILE_OPENED","file":"/src/tests/test1.txt","tags":{"FILE_LINE_OF_CODE":"0"}}
{"ts":1694973913808,"action":"IDE_DEACTIVATED"}
{"ts":1694973915626,"action":"IDE_ACTIVATED"}
{"ts":1694973915656,"action":"FILE_CLOSED","file":"/src/tests/test1.txt","tags":{"FILE_LINE_OF_CODE":"8"}}
{"ts":1694973915656,"action":"FILE_OPENED","file":"/src/main/java/antlr/MyLanguage.g4","tags":{"FILE_LINE_OF_CODE":"28"}}
{"ts":1694973943039,"action":"IDE_DEACTIVATED"}
{"ts":1694974028705,"action":"IDE_ACTIVATED"}
{"ts":1694974071751,"action":"IDE_DEACTIVATED"}
{"ts":1694974075804,"action":"IDE_ACTIVATED"}
{"ts":1694974076065,"action":"FILE_CLOSED","file":"/src/main/java/antlr/MyLanguage.g4","tags":{"FILE_LINE_OF_CODE":"28"}}
{"ts":1694974076065,"action":"FILE_OPENED","file":"/src/main/java/org/example/Main.java","tags":{"FILE_LINE_OF_CODE":"34"}}
{"ts":1694974087102,"action":"IDE_DEACTIVATED"}
{"ts":1694974100289,"action":"IDE_ACTIVATED"}
{"ts":1694974100309,"action":"FILE_CLOSED","file":"/src/main/java/org/example/Main.java","tags":{"FILE_LINE_OF_CODE":"34"}}
{"ts":1694974100309,"action":"FILE_OPENED","file":"/src/tests/test0.txt","tags":{"FILE_LINE_OF_CODE":"5"}}
{"ts":1694974254619,"action":"FILE_CLOSED","file":"/src/tests/test0.txt","tags":{"FILE_LINE_OF_CODE":"5"}}
{"ts":1694974254619,"action":"FILE_OPENED","file":"/src/tests/test1.txt","tags":{"FILE_LINE_OF_CODE":"8"}}
{"ts":1694974272709,"action":"FILE_CLOSED","file":"/src/tests/test1.txt","tags":{"FILE_LINE_OF_CODE":"8"}}
{"ts":1694974272709,"action":"FILE_OPENED","file":"/src/main/java/org/example/Main.java","tags":{"FILE_LINE_OF_CODE":"34"}}
{"ts":1694974279377,"action":"IDE_DEACTIVATED"}
{"ts":1694974290140,"action":"IDE_ACTIVATED"}
{"ts":1694974327547,"action":"IDE_DEACTIVATED"}
{"ts":1694974385691,"action":"IDE_ACTIVATED"}
{"ts":1694974429036,"action":"IDE_DEACTIVATED"}
{"ts":1694974484126,"action":"IDE_ACTIVATED"}
{"ts":1694974492616,"action":"IDE_DEACTIVATED"}
{"ts":1694974494808,"action":"IDE_ACTIVATED"}
{"ts":1694974562973,"action":"IDE_DEACTIVATED"}
{"ts":1694974574517,"action":"IDE_ACTIVATED"}
{"ts":1694974577431,"action":"IDE_DEACTIVATED"}
{"ts":1694974584437,"action":"IDE_ACTIVATED"}
{"ts":1694974584676,"action":"IDE_DEACTIVATED"}
{"ts":1694974670318,"action":"IDE_ACTIVATED"}
{"ts":1694974689492,"action":"FILE_CLOSED","file":"/src/main/java/org/example/Main.java","tags":{"FILE_LINE_OF_CODE":"36"}}
{"ts":1694974689492,"action":"FILE_OPENED","file":"/pom.xml","tags":{"FILE_LINE_OF_CODE":"25"}}
{"ts":1694974712352,"action":"FILE_CLOSED","file":"/pom.xml","tags":{"FILE_LINE_OF_CODE":"25"}}
{"ts":1694974712352,"action":"FILE_OPENED","file":"/src/main/java/org/example/Main.java","tags":{"FILE_LINE_OF_CODE":"36"}}
{"ts":1694974755897,"action":"IDE_DEACTIVATED"}
{"ts":1694974834462,"action":"IDE_ACTIVATED"}
{"ts":1694974834732,"action":"FILE_CLOSED","file":"/src/main/java/org/example/Main.java","tags":{"FILE_LINE_OF_CODE":"36"}}
{"ts":1694974834732,"action":"FILE_OPENED","file":"/src/main/java/antlr/MyLanguage.g4","tags":{"FILE_LINE_OF_CODE":"28"}}
{"ts":1694974840549,"action":"IDE_DEACTIVATED"}
{"ts":1694975206378,"action":"IDE_ACTIVATED"}
{"ts":1694975209247,"action":"IDE_DEACTIVATED"}
{"ts":1694975222314,"action":"IDE_ACTIVATED"}
{"ts":1694975223248,"action":"IDE_DEACTIVATED"}
{"ts":1694976206232,"action":"IDE_ACTIVATED"}
{"ts":1694976221878,"action":"IDE_DEACTIVATED"}
{"ts":1694976224737,"action":"IDE_ACTIVATED"}
{"ts":1694976230291,"action":"IDE_DEACTIVATED"}
{"ts":1694976233365,"action":"IDE_ACTIVATED"}
{"ts":1694976236963,"action":"IDE_DEACTIVATED"}
{"ts":1694976237194,"action":"IDE_ACTIVATED"}
{"ts":1694976237798,"action":"IDE_DEACTIVATED"}
{"ts":1694976540992,"action":"IDE_ACTIVATED"}
{"ts":1694976542427,"action":"IDE_DEACTIVATED"}
{"ts":1694976661226,"action":"IDE_ACTIVATED"}
{"ts":1694976676592,"action":"IDE_DEACTIVATED"}
{"ts":1694980769158,"action":"IDE_ACTIVATED"}
{"ts":1694980769462,"action":"IDE_DEACTIVATED"}
{"ts":1695044714091,"action":"FILE_OPENED","file":"/pom.xml","tags":{"FILE_LINE_OF_CODE":"25"}}
{"ts":1695044715614,"action":"PROJECT_OPENED","tags":{"PROJECT_NAME":"antlr"}}
{"ts":1695044738649,"action":"FILE_CLOSED","file":"/pom.xml","tags":{"FILE_LINE_OF_CODE":"25"}}
{"ts":1695044738650,"action":"FILE_OPENED","file":"/src/main/java/antlr/MyLanguage.g4","tags":{"FILE_LINE_OF_CODE":"28"}}
{"ts":1695044792662,"action":"IDE_DEACTIVATED"}
{"ts":1695044794262,"action":"IDE_ACTIVATED"}
{"ts":1695044823844,"action":"FILE_CLOSED","file":"/src/main/java/antlr/MyLanguage.g4","tags":{"FILE_LINE_OF_CODE":"28"}}
{"ts":1695044823844,"action":"FILE_OPENED","file":"/src/main/java/delivery/delivery.g4","tags":{"FILE_LINE_OF_CODE":"0"}}
{"ts":1695044828337,"action":"FILE_CLOSED","file":"/src/main/java/delivery/delivery.g4","tags":{"FILE_LINE_OF_CODE":"0"}}
{"ts":1695044828337,"action":"FILE_OPENED","file":"/src/main/java/org/example/Main.java","tags":{"FILE_LINE_OF_CODE":"36"}}
{"ts":1695044933964,"action":"FILE_CLOSED","file":"/src/main/java/org/example/Main.java","tags":{"FILE_LINE_OF_CODE":"36"}}
{"ts":1695044933964,"action":"FILE_OPENED","file":"/src/main/java/delivery/delivery.g4","tags":{"FILE_LINE_OF_CODE":"0"}}
{"ts":1695044945964,"action":"FILE_CLOSED","file":"/src/main/java/delivery/delivery.g4","tags":{"FILE_LINE_OF_CODE":"8"}}
{"ts":1695044945964,"action":"FILE_OPENED","file":"/src/main/java/org/example/Delivery.java","tags":{"FILE_LINE_OF_CODE":"3"}}
{"ts":1695044950193,"action":"FILE_CLOSED","file":"/src/main/java/org/example/Delivery.java","tags":{"FILE_LINE_OF_CODE":"5"}}
{"ts":1695044950193,"action":"FILE_OPENED","file":"/src/main/java/org/example/Main.java","tags":{"FILE_LINE_OF_CODE":"36"}}
{"ts":1695044953071,"action":"FILE_CLOSED","file":"/src/main/java/org/example/Main.java","tags":{"FILE_LINE_OF_CODE":"36"}}
{"ts":1695044953071,"action":"FILE_OPENED","file":"/src/main/java/org/example/Delivery.java","tags":{"FILE_LINE_OF_CODE":"5"}}
{"ts":1695045012012,"action":"FILE_CLOSED","file":"/src/main/java/org/example/Delivery.java","tags":{"FILE_LINE_OF_CODE":"36"}}
{"ts":1695045012012,"action":"FILE_OPENED","file":"/src/main/java/delivery/Delivery.g4","tags":{"FILE_LINE_OF_CODE":"8"}}
{"ts":1695045019909,"action":"FILE_CLOSED","file":"/src/main/java/delivery/Delivery.g4","tags":{"FILE_LINE_OF_CODE":"8"}}
{"ts":1695045019909,"action":"FILE_OPENED","file":"/src/main/java/org/example/Main.java","tags":{"FILE_LINE_OF_CODE":"36"}}
{"ts":1695045023667,"action":"FILE_CLOSED","file":"/src/main/java/org/example/Main.java","tags":{"FILE_LINE_OF_CODE":"36"}}
{"ts":1695045023667,"action":"FILE_OPENED","file":"/src/main/java/org/example/Delivery.java","tags":{"FILE_LINE_OF_CODE":"36"}}
{"ts":1695045035789,"action":"FILE_CLOSED","file":"/src/main/java/org/example/Delivery.java","tags":{"FILE_LINE_OF_CODE":"36"}}
{"ts":1695045035789,"action":"FILE_OPENED","file":"/src/main/java/org/example/Main.java","tags":{"FILE_LINE_OF_CODE":"36"}}
{"ts":1695045050746,"action":"FILE_CLOSED","file":"/src/main/java/org/example/Main.java","tags":{"FILE_LINE_OF_CODE":"36"}}
{"ts":1695045050746,"action":"FILE_OPENED","file":"/src/main/java/org/example/Delivery.java","tags":{"FILE_LINE_OF_CODE":"36"}}
{"ts":1695045121225,"action":"FILE_CLOSED","file":"/src/main/java/org/example/Delivery.java","tags":{"FILE_LINE_OF_CODE":"36"}}
{"ts":1695045121225,"action":"FILE_OPENED","file":"/src/main/java/org/example/Main.java","tags":{"FILE_LINE_OF_CODE":"36"}}
{"ts":1695045125834,"action":"FILE_CLOSED","file":"/src/main/java/org/example/Main.java","tags":{"FILE_LINE_OF_CODE":"36"}}
{"ts":1695045125834,"action":"FILE_OPENED","file":"/src/main/java/org/example/Delivery.java","tags":{"FILE_LINE_OF_CODE":"36"}}
{"ts":1695045250900,"action":"FILE_CLOSED","file":"/src/main/java/org/example/Delivery.java","tags":{"FILE_LINE_OF_CODE":"36"}}
{"ts":1695045250900,"action":"FILE_OPENED","file":"/src/main/java/org/example/Main.java","tags":{"FILE_LINE_OF_CODE":"36"}}
{"ts":1695045381183,"action":"FILE_CLOSED","file":"/src/main/java/org/example/Main.java","tags":{"FILE_LINE_OF_CODE":"36"}}
{"ts":1695045381183,"action":"FILE_OPENED","file":"/src/main/java/org/example/Delivery.java","tags":{"FILE_LINE_OF_CODE":"36"}}
{"ts":1695045392093,"action":"FILE_CLOSED","file":"/src/main/java/org/example/Delivery.java","tags":{"FILE_LINE_OF_CODE":"36"}}
{"ts":1695045392093,"action":"FILE_OPENED","file":"/src/main/java/delivery/Delivery.g4","tags":{"FILE_LINE_OF_CODE":"8"}}
{"ts":1695045394573,"action":"FILE_CLOSED","file":"/src/main/java/delivery/Delivery.g4","tags":{"FILE_LINE_OF_CODE":"8"}}
{"ts":1695045394573,"action":"FILE_OPENED","file":"/src/main/java/antlr/MyLanguage.g4","tags":{"FILE_LINE_OF_CODE":"28"}}
{"ts":1695045407567,"action":"FILE_CLOSED","file":"/src/main/java/antlr/MyLanguage.g4","tags":{"FILE_LINE_OF_CODE":"28"}}
{"ts":1695045407567,"action":"FILE_OPENED","file":"/src/main/java/delivery/Delivery.g4","tags":{"FILE_LINE_OF_CODE":"8"}}
{"ts":1695045432384,"action":"FILE_CLOSED","file":"/src/main/java/delivery/Delivery.g4","tags":{"FILE_LINE_OF_CODE":"28"}}
{"ts":1695045432384,"action":"FILE_OPENED","file":"/src/main/java/org/example/Main.java","tags":{"FILE_LINE_OF_CODE":"36"}}
{"ts":1695045433198,"action":"FILE_CLOSED","file":"/src/main/java/org/example/Main.java","tags":{"FILE_LINE_OF_CODE":"36"}}
{"ts":1695045433198,"action":"FILE_OPENED","file":"/src/main/java/org/example/Delivery.java","tags":{"FILE_LINE_OF_CODE":"36"}}
{"ts":1695045435071,"action":"FILE_CLOSED","file":"/src/main/java/org/example/Delivery.java","tags":{"FILE_LINE_OF_CODE":"36"}}
{"ts":1695045435071,"action":"FILE_OPENED","file":"/src/main/java/delivery/Delivery.g4","tags":{"FILE_LINE_OF_CODE":"28"}}
{"ts":1695045444279,"action":"FILE_CLOSED","file":"/src/main/java/delivery/Delivery.g4","tags":{"FILE_LINE_OF_CODE":"28"}}
{"ts":1695045444279,"action":"FILE_OPENED","file":"/src/main/java/org/example/Delivery.java","tags":{"FILE_LINE_OF_CODE":"36"}}
{"ts":1695045473985,"action":"IDE_DEACTIVATED"}
{"ts":1695045589139,"action":"IDE_ACTIVATED"}
{"ts":1695045595659,"action":"FILE_CLOSED","file":"/src/main/java/org/example/Delivery.java","tags":{"FILE_LINE_OF_CODE":"36"}}
{"ts":1695045595659,"action":"FILE_OPENED","file":"/src/tests/01-hello-world (1).hw","tags":{"FILE_LINE_OF_CODE":"16"}}
{"ts":1695045611419,"action":"IDE_DEACTIVATED"}
{"ts":1695045625555,"action":"IDE_ACTIVATED"}
{"ts":1695045626223,"action":"FILE_CLOSED","file":"/src/tests/helloWorld.hw","tags":{"FILE_LINE_OF_CODE":"16"}}
{"ts":1695045626223,"action":"FILE_OPENED","file":"/src/tests/03-trafiklys (1).hw","tags":{"FILE_LINE_OF_CODE":"36"}}
{"ts":1695045628762,"action":"IDE_DEACTIVATED"}
{"ts":1695045632101,"action":"IDE_ACTIVATED"}
{"ts":1695045639780,"action":"FILE_CLOSED","file":"/src/tests/03-trafiklys (1).hw","tags":{"FILE_LINE_OF_CODE":"36"}}
{"ts":1695045639780,"action":"FILE_OPENED","file":"/src/tests/trafiklys1.hw","tags":{"FILE_LINE_OF_CODE":"28"}}
{"ts":1695045654626,"action":"IDE_DEACTIVATED"}
{"ts":1695045833244,"action":"IDE_ACTIVATED"}
{"ts":1695045835145,"action":"IDE_DEACTIVATED"}
{"ts":1695045836604,"action":"IDE_ACTIVATED"}
{"ts":1695045844876,"action":"FILE_CLOSED","file":"/src/tests/trafiklys1.hw","tags":{"FILE_LINE_OF_CODE":"28"}}
{"ts":1695045844876,"action":"FILE_OPENED","file":"/src/main/java/delivery/Delivery.g4","tags":{"FILE_LINE_OF_CODE":"28"}}
{"ts":1695045870553,"action":"FILE_CLOSED","file":"/src/main/java/delivery/Delivery.g4","tags":{"FILE_LINE_OF_CODE":"28"}}
{"ts":1695045870553,"action":"FILE_OPENED","file":"/src/tests/helloWorld.hw","tags":{"FILE_LINE_OF_CODE":"16"}}
{"ts":1695045872735,"action":"FILE_CLOSED","file":"/src/tests/helloWorld.hw","tags":{"FILE_LINE_OF_CODE":"16"}}
{"ts":1695045872735,"action":"FILE_OPENED","file":"/src/main/java/delivery/Delivery.g4","tags":{"FILE_LINE_OF_CODE":"28"}}
{"ts":1695045873961,"action":"IDE_DEACTIVATED"}
{"ts":1695045895466,"action":"IDE_ACTIVATED"}
{"ts":1695045977517,"action":"IDE_DEACTIVATED"}
{"ts":1695046589447,"action":"IDE_ACTIVATED"}
{"ts":1695046590602,"action":"IDE_DEACTIVATED"}
{"ts":1695046591011,"action":"IDE_ACTIVATED"}
{"ts":1695046593992,"action":"IDE_DEACTIVATED"}
{"ts":1695046594563,"action":"IDE_ACTIVATED"}
{"ts":1695046596585,"action":"FILE_CLOSED","file":"/src/main/java/delivery/Delivery.g4","tags":{"FILE_LINE_OF_CODE":"28"}}
{"ts":1695046596651,"action":"PROJECT_CLOSED","tags":{"PROJECT_NAME":"antlr"}}
{"ts":1695122026292,"action":"FILE_OPENED","file":"/src/main/java/antlr/MyLanguage.g4","tags":{"FILE_LINE_OF_CODE":"28"}}
{"ts":1695122028714,"action":"PROJECT_OPENED","tags":{"PROJECT_NAME":"antlr"}}
{"ts":1695122051805,"action":"FILE_CLOSED","file":"/src/main/java/antlr/MyLanguage.g4","tags":{"FILE_LINE_OF_CODE":"28"}}
{"ts":1695122051805,"action":"FILE_OPENED","file":"/src/main/java/org/example/Main.java","tags":{"FILE_LINE_OF_CODE":"36"}}
{"ts":1695122055414,"action":"FILE_CLOSED","file":"/src/main/java/org/example/Main.java","tags":{"FILE_LINE_OF_CODE":"36"}}
{"ts":1695122055414,"action":"FILE_OPENED","file":"/src/main/java/antlr/MyLanguage.g4","tags":{"FILE_LINE_OF_CODE":"28"}}
{"ts":1695122057681,"action":"FILE_CLOSED","file":"/src/main/java/antlr/MyLanguage.g4","tags":{"FILE_LINE_OF_CODE":"28"}}
{"ts":1695122057681,"action":"FILE_OPENED","file":"/src/tests/test1.txt","tags":{"FILE_LINE_OF_CODE":"8"}}
{"ts":1695122060698,"action":"FILE_CLOSED","file":"/src/tests/test1.txt","tags":{"FILE_LINE_OF_CODE":"8"}}
{"ts":1695122060698,"action":"FILE_OPENED","file":"/src/main/java/org/example/Main.java","tags":{"FILE_LINE_OF_CODE":"36"}}
{"ts":1695122079721,"action":"FILE_CLOSED","file":"/src/main/java/org/example/Main.java","tags":{"FILE_LINE_OF_CODE":"36"}}
{"ts":1695122079722,"action":"FILE_OPENED","file":"/src/main/java/org/example/Delivery.java","tags":{"FILE_LINE_OF_CODE":"36"}}
{"ts":1695122144473,"action":"FILE_CLOSED","file":"/src/main/java/org/example/Delivery.java","tags":{"FILE_LINE_OF_CODE":"36"}}
{"ts":1695122144473,"action":"FILE_OPENED","file":"/src/main/java/delivery/Delivery.g4","tags":{"FILE_LINE_OF_CODE":"28"}}
{"ts":1695122202214,"action":"IDE_DEACTIVATED"}
{"ts":1695122246740,"action":"IDE_ACTIVATED"}
{"ts":1695122255064,"action":"IDE_DEACTIVATED"}
{"ts":1695122255555,"action":"IDE_ACTIVATED"}
{"ts":1695122256445,"action":"IDE_DEACTIVATED"}
{"ts":1695122256922,"action":"IDE_ACTIVATED"}
{"ts":1695122257729,"action":"IDE_DEACTIVATED"}
{"ts":1695122257976,"action":"IDE_ACTIVATED"}
{"ts":1695122411220,"action":"IDE_DEACTIVATED"}
{"ts":1695122411689,"action":"IDE_ACTIVATED"}
{"ts":1695122411707,"action":"IDE_DEACTIVATED"}
{"ts":1695129427821,"action":"IDE_ACTIVATED"}
{"ts":1695129524385,"action":"FILE_CLOSED","file":"/src/main/java/delivery/Delivery.g4","tags":{"FILE_LINE_OF_CODE":"28"}}
{"ts":1695129524385,"action":"FILE_OPENED","file":"/src/main/java/org/example/Main.java","tags":{"FILE_LINE_OF_CODE":"36"}}
{"ts":1695129637263,"action":"IDE_DEACTIVATED"}
{"ts":1695129637910,"action":"IDE_ACTIVATED"}
{"ts":1695129689727,"action":"IDE_DEACTIVATED"}
